2025-06-02 18:57:55,408 - ERROR - Exception in callback _ProactorBasePipeTransport._call_connection_lost()
handle: <Handle _ProactorBasePipeTransport._call_connection_lost()>
Traceback (most recent call last):
  File "C:\Users\doghe\AppData\Local\Programs\Python\Python313\Lib\asyncio\events.py", line 89, in _run
    self._context.run(self._callback, *self._args)
    ~~~~~~~~~~~~~~~~~^^^^^^^^^^^^^^^^^^^^^^^^^^^^^
  File "C:\Users\doghe\AppData\Local\Programs\Python\Python313\Lib\asyncio\proactor_events.py", line 165, in _call_connection_lost
    self._sock.shutdown(socket.SHUT_RDWR)
    ~~~~~~~~~~~~~~~~~~~^^^^^^^^^^^^^^^^^^
ConnectionResetError: [WinError 10054] An existing connection was forcibly closed by the remote host
2025-06-02 18:59:25,449 - ERROR - Error downloading Burnout (USA).zip: Cannot connect to host myrient.erista.me:443 ssl:True [SSLCertVerificationError: (1, '[SSL: CERTIFICATE_VERIFY_FAILED] certificate verify failed: self-signed certificate (_ssl.c:1028)')]
2025-06-02 19:04:09,054 - ERROR - Exception in callback _ProactorBasePipeTransport._call_connection_lost()
handle: <Handle _ProactorBasePipeTransport._call_connection_lost()>
Traceback (most recent call last):
  File "C:\Users\doghe\AppData\Local\Programs\Python\Python313\Lib\asyncio\events.py", line 89, in _run
    self._context.run(self._callback, *self._args)
    ~~~~~~~~~~~~~~~~~^^^^^^^^^^^^^^^^^^^^^^^^^^^^^
  File "C:\Users\doghe\AppData\Local\Programs\Python\Python313\Lib\asyncio\proactor_events.py", line 165, in _call_connection_lost
    self._sock.shutdown(socket.SHUT_RDWR)
    ~~~~~~~~~~~~~~~~~~~^^^^^^^^^^^^^^^^^^
ConnectionResetError: [WinError 10054] An existing connection was forcibly closed by the remote host
2025-06-02 19:06:48,505 - ERROR - Error downloading Burnout 2 - Point of Impact (USA).zip: Cannot connect to host myrient.erista.me:443 ssl:True [SSLCertVerificationError: (1, '[SSL: CERTIFICATE_VERIFY_FAILED] certificate verify failed: self-signed certificate (_ssl.c:1028)')]
2025-06-02 19:06:55,212 - ERROR - Error downloading Crash Bandicoot - The Wrath of Cortex (USA).zip: Cannot connect to host myrient.erista.me:443 ssl:True [SSLCertVerificationError: (1, '[SSL: CERTIFICATE_VERIFY_FAILED] certificate verify failed: self-signed certificate (_ssl.c:1028)')]
2025-06-02 19:07:07,201 - ERROR - Error downloading Crash Nitro Kart (USA).zip: Cannot connect to host myrient.erista.me:443 ssl:True [SSLCertVerificationError: (1, '[SSL: CERTIFICATE_VERIFY_FAILED] certificate verify failed: self-signed certificate (_ssl.c:1028)')]
2025-06-02 19:07:10,081 - ERROR - Error downloading Burnout (USA).zip: Server disconnected
2025-06-02 19:07:13,389 - ERROR - Error downloading Legend of Spyro, The - A New Beginning (USA).zip: 400, message='Bad Request', url='http://97.74.87.226'
2025-06-02 19:07:13,904 - ERROR - Error downloading Crash Tag Team Racing (USA).zip: Cannot connect to host myrient.erista.me:443 ssl:True [SSLCertVerificationError: (1, '[SSL: CERTIFICATE_VERIFY_FAILED] certificate verify failed: self-signed certificate (_ssl.c:1028)')]
2025-06-02 19:07:21,498 - ERROR - Error downloading Legend of Zelda, The - Collector's Edition (USA).zip: Cannot connect to host myrient.erista.me:443 ssl:True [SSLCertVerificationError: (1, '[SSL: CERTIFICATE_VERIFY_FAILED] certificate verify failed: self-signed certificate (_ssl.c:1028)')]
2025-06-02 19:07:38,057 - ERROR - Error downloading Legend of Zelda, The - Four Swords Adventures (USA).zip: 500, message='Internal Server Error', url='http://78.80.228.150'
2025-06-02 19:07:41,456 - ERROR - Error downloading Legend of Zelda, The - The Wind Waker (USA).zip: [WinError 64] The specified network name is no longer available
2025-06-02 19:07:49,021 - ERROR - Error downloading Legend of Zelda, The - Twilight Princess (USA).zip: Cannot connect to host myrient.erista.me:443 ssl:default [[SSL: WRONG_VERSION_NUMBER] wrong version number (_ssl.c:1028)]
2025-06-02 19:08:02,185 - ERROR - Error downloading Legend of Zelda, The - Ocarina of Time & Master Quest (USA).zip: [WinError 64] The specified network name is no longer available
2025-06-02 19:08:09,625 - ERROR - Error downloading Mario Kart - Double Dash!! (USA).zip: Cannot connect to host myrient.erista.me:443 ssl:True [SSLCertVerificationError: (1, '[SSL: CERTIFICATE_VERIFY_FAILED] certificate verify failed: self-signed certificate (_ssl.c:1028)')]
2025-06-02 19:08:11,258 - ERROR - Error downloading Mario Party 4 (USA) (Rev 1).zip: 400, message='Bad Request', url='http://158.255.77.169'
2025-06-02 19:08:14,096 - ERROR - Error downloading Mario Power Tennis (USA) (Rev 1).zip: 400, message='Bad Request', url='http://135.181.154.225'
2025-06-02 19:08:19,537 - ERROR - Error downloading Mario Golf - Toadstool Tour (USA).zip: Cannot connect to host myrient.erista.me:443 ssl:default [None]
2025-06-02 19:08:25,960 - ERROR - Error downloading Metroid Prime (USA) (Rev 2).zip: Cannot connect to host myrient.erista.me:443 ssl:True [SSLCertVerificationError: (1, '[SSL: CERTIFICATE_VERIFY_FAILED] certificate verify failed: self-signed certificate (_ssl.c:1028)')]
2025-06-02 19:08:32,598 - ERROR - Error downloading Metroid Prime 2 - Echoes (USA).zip: Cannot connect to host myrient.erista.me:443 ssl:True [SSLCertVerificationError: (1, '[SSL: CERTIFICATE_VERIFY_FAILED] certificate verify failed: self-signed certificate (_ssl.c:1028)')]
2025-06-02 19:08:42,646 - ERROR - Error downloading Paper Mario - The Thousand-Year Door (USA).zip: Cannot connect to host myrient.erista.me:443 ssl:True [SSLCertVerificationError: (1, '[SSL: CERTIFICATE_VERIFY_FAILED] certificate verify failed: self-signed certificate (_ssl.c:1028)')]
