2025-06-02 18:25:37,669 - INFO - Loaded 3 URLs from sample_urls.txt
2025-06-02 18:25:37,669 - INFO - Starting to scrape 3 URLs
2025-06-02 18:25:37,669 - INFO - Processing 1/3: https://httpbin.org/ip
2025-06-02 18:25:37,672 - INFO - Attempt 1 for https://httpbin.org/ip
2025-06-02 18:25:38,353 - INFO - Successfully downloaded: https://httpbin.org/ip
2025-06-02 18:25:38,354 - INFO - Saved content to test_downloads\httpbin.org__ip.txt
2025-06-02 18:25:38,354 - INFO - Waiting 1.65 seconds before next request...
2025-06-02 18:25:40,003 - INFO - Processing 2/3: https://httpbin.org/user-agent
2025-06-02 18:25:40,007 - INFO - Attempt 1 for https://httpbin.org/user-agent
2025-06-02 18:25:40,524 - INFO - Successfully downloaded: https://httpbin.org/user-agent
2025-06-02 18:25:40,525 - INFO - Saved content to test_downloads\httpbin.org__user-agent.txt
2025-06-02 18:25:40,525 - INFO - Waiting 1.19 seconds before next request...
2025-06-02 18:25:41,716 - INFO - Processing 3/3: https://httpbin.org/headers
2025-06-02 18:25:41,720 - INFO - Attempt 1 for https://httpbin.org/headers
2025-06-02 18:25:41,985 - INFO - Successfully downloaded: https://httpbin.org/headers
2025-06-02 18:25:41,986 - INFO - Saved content to test_downloads\httpbin.org__headers.txt
2025-06-02 18:25:41,987 - INFO - Scraping completed. Success: 3, Failed: 0
2025-06-02 18:27:29,852 - INFO - Loaded 3 URLs from sample_urls.txt
2025-06-02 18:27:29,853 - INFO - Starting to scrape 3 URLs
2025-06-02 18:27:29,853 - INFO - Processing 1/3: https://httpbin.org/ip
2025-06-02 18:27:29,856 - INFO - Attempt 1 for https://httpbin.org/ip using No proxy
2025-06-02 18:27:30,710 - INFO - Successfully downloaded: https://httpbin.org/ip
2025-06-02 18:27:30,712 - INFO - Saved content to test_no_proxy\httpbin.org__ip.txt
2025-06-02 18:27:30,712 - INFO - Waiting 0.75 seconds before next request...
2025-06-02 18:27:31,461 - INFO - Processing 2/3: https://httpbin.org/user-agent
2025-06-02 18:27:31,465 - INFO - Attempt 1 for https://httpbin.org/user-agent using No proxy
2025-06-02 18:27:31,724 - INFO - Successfully downloaded: https://httpbin.org/user-agent
2025-06-02 18:27:31,725 - INFO - Saved content to test_no_proxy\httpbin.org__user-agent.txt
2025-06-02 18:27:31,725 - INFO - Waiting 0.97 seconds before next request...
2025-06-02 18:27:32,698 - INFO - Processing 3/3: https://httpbin.org/headers
2025-06-02 18:27:32,702 - INFO - Attempt 1 for https://httpbin.org/headers using No proxy
2025-06-02 18:27:32,962 - INFO - Successfully downloaded: https://httpbin.org/headers
2025-06-02 18:27:32,964 - INFO - Saved content to test_no_proxy\httpbin.org__headers.txt
2025-06-02 18:27:32,964 - INFO - Scraping completed. Success: 3, Failed: 0
2025-06-02 18:27:55,199 - INFO - Loaded 3 URLs from sample_urls.txt
2025-06-02 18:27:55,200 - INFO - Starting to scrape 3 URLs
2025-06-02 18:27:55,200 - INFO - Processing 1/3: https://httpbin.org/ip
2025-06-02 18:27:55,203 - INFO - Attempt 1 for https://httpbin.org/ip using http://188.166.30.17:8888
2025-06-02 18:27:55,497 - WARNING - Error downloading https://httpbin.org/ip (attempt 1): ('Connection aborted.', ConnectionResetError(10054, 'An existing connection was forcibly closed by the remote host', None, 10054, None))
2025-06-02 18:28:00,227 - INFO - Attempt 2 for https://httpbin.org/ip using http://37.120.133.137:3128
2025-06-02 18:28:15,328 - WARNING - Error downloading https://httpbin.org/ip (attempt 2): HTTPSConnectionPool(host='httpbin.org', port=443): Read timed out. (read timeout=15)
2025-06-02 18:28:19,849 - INFO - Attempt 3 for https://httpbin.org/ip using http://37.120.222.132:3128
2025-06-02 18:28:20,131 - WARNING - Error downloading https://httpbin.org/ip (attempt 3): ('Connection aborted.', ConnectionResetError(10054, 'An existing connection was forcibly closed by the remote host', None, 10054, None))
2025-06-02 18:28:20,132 - ERROR - Failed to download https://httpbin.org/ip after 3 attempts
2025-06-02 18:28:20,132 - INFO - Waiting 0.51 seconds before next request...
2025-06-02 18:28:20,640 - INFO - Processing 2/3: https://httpbin.org/user-agent
2025-06-02 18:28:20,644 - INFO - Attempt 1 for https://httpbin.org/user-agent using http://89.249.65.191:3128
2025-06-02 18:28:35,746 - WARNING - Error downloading https://httpbin.org/user-agent (attempt 1): HTTPSConnectionPool(host='httpbin.org', port=443): Read timed out. (read timeout=15)
2025-06-02 18:28:39,873 - INFO - Attempt 2 for https://httpbin.org/user-agent using http://144.91.118.176:3128
2025-06-02 18:28:40,175 - WARNING - Error downloading https://httpbin.org/user-agent (attempt 2): ('Connection aborted.', ConnectionResetError(10054, 'An existing connection was forcibly closed by the remote host', None, 10054, None))
2025-06-02 18:28:44,396 - INFO - Attempt 3 for https://httpbin.org/user-agent using http://188.166.30.17:8888
2025-06-02 18:28:44,710 - WARNING - Error downloading https://httpbin.org/user-agent (attempt 3): ('Connection aborted.', ConnectionResetError(10054, 'An existing connection was forcibly closed by the remote host', None, 10054, None))
2025-06-02 18:28:44,710 - ERROR - Failed to download https://httpbin.org/user-agent after 3 attempts
2025-06-02 18:28:44,711 - INFO - Waiting 0.76 seconds before next request...
2025-06-02 18:28:45,470 - INFO - Processing 3/3: https://httpbin.org/headers
2025-06-02 18:28:45,474 - INFO - Attempt 1 for https://httpbin.org/headers using http://37.120.133.137:3128
2025-06-02 18:29:00,569 - WARNING - Error downloading https://httpbin.org/headers (attempt 1): HTTPSConnectionPool(host='httpbin.org', port=443): Read timed out. (read timeout=15)
2025-06-02 18:29:05,008 - INFO - Attempt 2 for https://httpbin.org/headers using http://37.120.222.132:3128
2025-06-02 18:29:05,307 - WARNING - Error downloading https://httpbin.org/headers (attempt 2): ('Connection aborted.', ConnectionResetError(10054, 'An existing connection was forcibly closed by the remote host', None, 10054, None))
2025-06-02 18:29:09,082 - INFO - Attempt 3 for https://httpbin.org/headers using http://89.249.65.191:3128
2025-06-02 18:29:24,168 - WARNING - Error downloading https://httpbin.org/headers (attempt 3): HTTPSConnectionPool(host='httpbin.org', port=443): Read timed out. (read timeout=15)
2025-06-02 18:29:24,168 - ERROR - Failed to download https://httpbin.org/headers after 3 attempts
2025-06-02 18:29:24,168 - INFO - Scraping completed. Success: 0, Failed: 3
