2025-06-02 21:00:46,954 - INFO - Enhanced ROM Downloader initialized
2025-06-02 21:03:01,168 - INFO - Enhanced ROM Downloader initialized
2025-06-02 21:04:31,954 - INFO - Starting download: Burnout (USA).zip using proxy: http://47.238.134.126:81
2025-06-02 21:04:52,315 - ERROR - Error downloading Burnout (USA).zip: [WinError 64] The specified network name is no longer available
2025-06-02 21:04:53,954 - INFO - Starting download: Burnout 2 - Point of Impact (USA).zip using proxy: http://8.221.141.88:11
2025-06-02 21:05:00,443 - INFO - Response: 200 for Burnout 2 - Point of Impact (USA).zip via proxy
2025-06-02 21:05:00,447 - INFO - Successfully downloaded Burnout 2 - Point of Impact (USA).zip (66 bytes via proxy)
2025-06-02 21:05:01,881 - INFO - Starting download: ps-10j.zip using proxy: http://207.177.122.144:8080
2025-06-02 21:05:50,679 - ERROR - Error downloading ps-10j.zip: [WinError 64] The specified network name is no longer available
2025-06-02 21:05:51,408 - INFO - Enhanced ROM Downloader initialized
2025-06-02 21:06:20,977 - INFO - Enhanced ROM Downloader initialized
2025-06-03 08:58:51,592 - INFO - Enhanced ROM Downloader initialized
2025-06-03 09:00:21,992 - ERROR - Error downloading Burnout (USA).zip: 'ModernProxyRotator' object has no attribute 'get_enhanced_random_headers'
2025-06-03 09:00:24,785 - ERROR - Error downloading Burnout 2 - Point of Impact (USA).zip: 'ModernProxyRotator' object has no attribute 'get_enhanced_random_headers'
2025-06-03 09:00:27,322 - ERROR - Error downloading ps-10j.zip: 'ModernProxyRotator' object has no attribute 'get_enhanced_random_headers'
2025-06-03 09:44:52,576 - INFO - Enhanced ROM Downloader initialized
2025-06-03 09:44:52,576 - INFO - Enhanced ROM Downloader initialized
2025-06-03 09:44:52,577 - INFO - Enhanced ROM Downloader initialized
2025-06-03 09:55:32,411 - INFO - Enhanced ROM Downloader initialized
2025-06-03 09:57:22,110 - INFO - Enhanced ROM Downloader initialized
2025-06-03 10:00:09,514 - ERROR - Exception in callback _ProactorBasePipeTransport._call_connection_lost()
handle: <Handle _ProactorBasePipeTransport._call_connection_lost()>
Traceback (most recent call last):
  File "C:\Users\doghe\AppData\Local\Programs\Python\Python313\Lib\asyncio\events.py", line 89, in _run
    self._context.run(self._callback, *self._args)
    ~~~~~~~~~~~~~~~~~^^^^^^^^^^^^^^^^^^^^^^^^^^^^^
  File "C:\Users\doghe\AppData\Local\Programs\Python\Python313\Lib\asyncio\proactor_events.py", line 165, in _call_connection_lost
    self._sock.shutdown(socket.SHUT_RDWR)
    ~~~~~~~~~~~~~~~~~~~^^^^^^^^^^^^^^^^^^
ConnectionResetError: [WinError 10054] An existing connection was forcibly closed by the remote host
2025-06-03 10:00:33,413 - ERROR - Exception in callback _ProactorBasePipeTransport._call_connection_lost()
handle: <Handle _ProactorBasePipeTransport._call_connection_lost()>
Traceback (most recent call last):
  File "C:\Users\doghe\AppData\Local\Programs\Python\Python313\Lib\asyncio\events.py", line 89, in _run
    self._context.run(self._callback, *self._args)
    ~~~~~~~~~~~~~~~~~^^^^^^^^^^^^^^^^^^^^^^^^^^^^^
  File "C:\Users\doghe\AppData\Local\Programs\Python\Python313\Lib\asyncio\proactor_events.py", line 165, in _call_connection_lost
    self._sock.shutdown(socket.SHUT_RDWR)
    ~~~~~~~~~~~~~~~~~~~^^^^^^^^^^^^^^^^^^
ConnectionResetError: [WinError 10054] An existing connection was forcibly closed by the remote host
2025-06-03 10:00:33,908 - ERROR - Exception in callback _ProactorBasePipeTransport._call_connection_lost()
handle: <Handle _ProactorBasePipeTransport._call_connection_lost()>
Traceback (most recent call last):
  File "C:\Users\doghe\AppData\Local\Programs\Python\Python313\Lib\asyncio\events.py", line 89, in _run
    self._context.run(self._callback, *self._args)
    ~~~~~~~~~~~~~~~~~^^^^^^^^^^^^^^^^^^^^^^^^^^^^^
  File "C:\Users\doghe\AppData\Local\Programs\Python\Python313\Lib\asyncio\proactor_events.py", line 165, in _call_connection_lost
    self._sock.shutdown(socket.SHUT_RDWR)
    ~~~~~~~~~~~~~~~~~~~^^^^^^^^^^^^^^^^^^
ConnectionResetError: [WinError 10054] An existing connection was forcibly closed by the remote host
2025-06-03 10:01:20,944 - INFO - Starting download: Legend of Zelda, The - Ocarina of Time & Master Quest (USA).zip using direct: direct
2025-06-03 10:01:22,608 - INFO - Response: 200 for Legend of Zelda, The - Ocarina of Time & Master Quest (USA).zip via direct
2025-06-03 10:05:08,223 - INFO - Enhanced ROM Downloader initialized
2025-06-03 10:08:19,942 - INFO - Starting download: Legend of Zelda, The - Collector's Edition (USA).zip using proxy: http://47.238.134.126:81
2025-06-03 10:08:26,666 - INFO - Response: 200 for Legend of Zelda, The - Collector's Edition (USA).zip via proxy
2025-06-03 10:08:26,668 - INFO - Successfully downloaded Legend of Zelda, The - Collector's Edition (USA).zip (91 bytes via proxy)
2025-06-03 10:08:48,259 - INFO - Starting download: Legend of Zelda, The - Four Swords Adventures (USA).zip using proxy: http://8.211.195.139:18080
2025-06-03 10:08:54,432 - ERROR - Error downloading Legend of Zelda, The - Four Swords Adventures (USA).zip: Cannot connect to host myrient.erista.me:443 ssl:default [None]
2025-06-03 10:08:55,690 - INFO - Starting download: Legend of Zelda, The - Four Swords Adventures (USA).zip using proxy: http://8.211.194.85:31433
2025-06-03 10:09:17,283 - ERROR - Error downloading Legend of Zelda, The - Four Swords Adventures (USA).zip: [WinError 64] The specified network name is no longer available
2025-06-03 10:09:20,003 - INFO - Starting download: Legend of Zelda, The - Four Swords Adventures (USA).zip using proxy: http://47.90.149.238:31281
2025-06-03 10:09:41,347 - ERROR - Error downloading Legend of Zelda, The - Four Swords Adventures (USA).zip: [WinError 64] The specified network name is no longer available
2025-06-03 10:10:09,383 - INFO - Starting download: Legend of Zelda, The - Twilight Princess (USA).zip using proxy: http://47.252.18.37:45
2025-06-03 10:10:14,823 - INFO - Response: 200 for Legend of Zelda, The - Twilight Princess (USA).zip via proxy
2025-06-03 10:10:14,826 - INFO - Successfully downloaded Legend of Zelda, The - Twilight Princess (USA).zip (65 bytes via proxy)
2025-06-03 10:10:23,364 - INFO - Starting download: Legend of Zelda, The - The Wind Waker (USA).zip using proxy: http://8.220.205.172:4002
2025-06-03 10:10:43,306 - ERROR - Error downloading Legend of Zelda, The - The Wind Waker (USA).zip: [WinError 64] The specified network name is no longer available
2025-06-03 10:10:44,924 - INFO - Starting download: Legend of Zelda, The - The Wind Waker (USA).zip using proxy: http://8.212.165.164:10801
